<?xml version="1.0" encoding="UTF-8"?>
<!-- Generated by org.testng.reporters.JUnitXMLReporter -->
<testsuite ignored="2" hostname="DESKTOP-2HU0AII" failures="0" tests="0" time="0.016" errors="0" timestamp="2025-08-12T22:46:52 IST">
  <testcase classname="apiTests.EmployeeAPITest" name="createEmployeeViaAPI" time="0.0">
    <ignored/>
  </testcase> <!-- createEmployeeViaAPI -->
  <testcase classname="apiTests.LoginAPITest" name="verifyAPILogin" time="0.0">
    <ignored/>
  </testcase> <!-- verifyAPILogin -->
</testsuite>
