<?xml version="1.0" encoding="UTF-8"?>
<!-- Generated by org.testng.reporters.JUnitXMLReporter -->
<testsuite ignored="0" hostname="DESKTOP-2HU0AII" failures="0" tests="6" name="UI Tests" time="79.583" errors="0" timestamp="2025-08-12T17:16:52 IST">
  <testcase classname="uiTests.LoginTest" name="verifyLogin" time="3.045"/>
  <testcase classname="uiTests.EmployeeCRUDTest" name="addEmployee" time="8.206"/>
  <testcase classname="uiTests.LoginTest" name="verifyLogin" time="2.716"/>
  <testcase classname="uiTests.LoginTest" name="verifyLogin" time="3.294"/>
  <testcase classname="uiTests.LoginTest" name="verifyLogin" time="3.143"/>
  <testcase classname="uiTests.LoginTest" name="verifyLogin" time="2.74"/>
</testsuite> <!-- UI Tests -->
