<?xml version="1.0" encoding="UTF-8"?>
<testng-results ignored="0" total="1" passed="1" failed="0" skipped="0">
  <reporter-output>
  </reporter-output>
  <suite started-at="2025-08-19T15:12:59 IST" name="Default suite" finished-at="2025-08-19T15:13:54 IST" duration-ms="55078">
    <groups>
    </groups>
    <test started-at="2025-08-19T15:12:59 IST" name="Default test" finished-at="2025-08-19T15:13:54 IST" duration-ms="55078">
      <class name="uiTests.Selftest">
        <test-method is-config="true" signature="loadConfig()[pri:0, instance:uiTests.Selftest@64f857e7]" started-at="2025-08-19T15:12:59 IST" name="loadConfig" finished-at="2025-08-19T15:12:59 IST" duration-ms="31" status="PASS">
          <reporter-output>
          </reporter-output>
        </test-method> <!-- loadConfig -->
        <test-method is-config="true" signature="setUp()[pri:0, instance:uiTests.Selftest@64f857e7]" started-at="2025-08-19T15:12:59 IST" name="setUp" finished-at="2025-08-19T15:13:21 IST" duration-ms="21619" status="PASS">
          <reporter-output>
          </reporter-output>
        </test-method> <!-- setUp -->
        <test-method signature="PerformOperations()[pri:0, instance:uiTests.Selftest@64f857e7]" started-at="2025-08-19T15:13:21 IST" name="PerformOperations" finished-at="2025-08-19T15:13:53 IST" duration-ms="32843" status="PASS">
          <reporter-output>
          </reporter-output>
        </test-method> <!-- PerformOperations -->
        <test-method is-config="true" signature="tearDown()[pri:0, instance:uiTests.Selftest@64f857e7]" started-at="2025-08-19T15:13:54 IST" name="tearDown" finished-at="2025-08-19T15:13:54 IST" duration-ms="375" status="PASS">
          <reporter-output>
          </reporter-output>
        </test-method> <!-- tearDown -->
      </class> <!-- uiTests.Selftest -->
    </test> <!-- Default test -->
  </suite> <!-- Default suite -->
</testng-results>
